


ARM Macro Assembler    Page 1 


    1 00000000         
    2 00000000                 PRESERVE8
    3 00000000                 THUMB
    4 00000000         
    5 00000000         
    6 00000000         ; Vector Table Mapped to Address 0 at Reset
    7 00000000                 AREA             RESET, DATA, READONLY
    8 00000000                 EXPORT           __Vectors
    9 00000000         ;IMPORT SVC_Handler
   10 00000000                 IMPORT           PendSV_Handler
   11 00000000                 IMPORT           SysTick_Handler
   12 00000000                 IMPORT           USART1_IRQHandler
   13 00000000                 IMPORT           USART3_IRQHandler
   14 00000000                 IMPORT           EXTI15_10_IRQHandler
   15 00000000                 IMPORT           TIM8_UP_IRQHandler
   16 00000000         
   17 00000000 20010000 
                       __Vectors
                               DCD              (0x20000000+0x10000) 
                                                            ; Top of Stack
   18 00000004 00000000        DCD              Reset_Handler ; Reset Handler
   19 00000008 00000000        DCD              0           ;NMI_Handler       
                                                                     ; NMI Hand
                                                            ler
   20 0000000C 00000000        DCD              0           ;HardFault_Handler 
                                                                     ; Hard Fau
                                                            lt Handler
   21 00000010 00000000        DCD              0           ;MemManage_Handler 
                                                                     ; MPU Faul
                                                            t Handler
   22 00000014 00000000        DCD              0           ;BusFault_Handler  
                                                                     ; Bus Faul
                                                            t Handler
   23 00000018 00000000        DCD              0           ;UsageFault_Handler
                                                                     ; Usage Fa
                                                            ult Handler
   24 0000001C 00000000        DCD              0           ; Reserved
   25 00000020 00000000        DCD              0           ; Reserved
   26 00000024 00000000        DCD              0           ; Reserved
   27 00000028 00000000        DCD              0           ; Reserved
   28 0000002C 00000000        DCD              SVC_Handler ; SVCall Handler
   29 00000030 00000000        DCD              0           ;DebugMon_Handler  
                                                                     ; Debug Mo
                                                            nitor Handler
   30 00000034 00000000        DCD              0           ; Reserved
   31 00000038 00000000        DCD              PendSV_Handler ; PendSV Handler
                                                            
   32 0000003C 00000000        DCD              SysTick_Handler 
                                                            ; SysTick Handler
   33 00000040         
   34 00000040         ; External Interrupts
   35 00000040 00000000        DCD              0           ;WWDG_IRQHandler   
                                                                     ; Window W
                                                            atchdog
   36 00000044 00000000        DCD              0           ;PVD_IRQHandler    
                                                                     ; PVD thro
                                                            ugh EXTI Line detec
                                                            t
   37 00000048 00000000        DCD              0           ;TAMPER_IRQHandler 



ARM Macro Assembler    Page 2 


                                                                     ; Tamper
   38 0000004C 00000000        DCD              0           ;RTC_IRQHandler    
                                                                     ; RTC
   39 00000050 00000000        DCD              0           ;FLASH_IRQHandler  
                                                                     ; Flash
   40 00000054 00000000        DCD              0           ;RCC_IRQHandler    
                                                                     ; RCC
   41 00000058 00000000        DCD              0           ;EXTI0_IRQHandler  
                                                                     ; EXTI Lin
                                                            e 0
   42 0000005C 00000000        DCD              0           ;EXTI1_IRQHandler  
                                                                     ; EXTI Lin
                                                            e 1
   43 00000060 00000000        DCD              0           ;EXTI2_IRQHandler  
                                                                     ; EXTI Lin
                                                            e 2
   44 00000064 00000000        DCD              0           ;EXTI3_IRQHandler  
                                                                     ; EXTI Lin
                                                            e 3
   45 00000068 00000000        DCD              0           ;EXTI4_IRQHandler  
                                                                     ; EXTI Lin
                                                            e 4
   46 0000006C 00000000        DCD              0           ;DMA1_Channel1_IRQH
                                                            andler   ; DMA1 Cha
                                                            nnel 1
   47 00000070 00000000        DCD              0           ;DMA1_Channel2_IRQH
                                                            andler   ; DMA1 Cha
                                                            nnel 2
   48 00000074 00000000        DCD              0           ;DMA1_Channel3_IRQH
                                                            andler   ; DMA1 Cha
                                                            nnel 3
   49 00000078 00000000        DCD              0           ;DMA1_Channel4_IRQH
                                                            andler   ; DMA1 Cha
                                                            nnel 4
   50 0000007C 00000000        DCD              0           ;DMA1_Channel5_IRQH
                                                            andler   ; DMA1 Cha
                                                            nnel 5
   51 00000080 00000000        DCD              0           ;DMA1_Channel6_IRQH
                                                            andler   ; DMA1 Cha
                                                            nnel 6
   52 00000084 00000000        DCD              0           ;DMA1_Channel7_IRQH
                                                            andler   ; DMA1 Cha
                                                            nnel 7
   53 00000088 00000000        DCD              0           ;ADC1_2_IRQHandler 
                                                                     ; ADC1 & A
                                                            DC2
   54 0000008C 00000000        DCD              0           ;USB_HP_CAN1_TX_IRQ
                                                            Handler  ; USB High
                                                             Priority or CAN1 T
                                                            X
   55 00000090 00000000        DCD              0           ;USB_LP_CAN1_RX0_IR
                                                            QHandler ; USB Low 
                                                             Priority or CAN1 R
                                                            X0
   56 00000094 00000000        DCD              0           ;CAN1_RX1_IRQHandle
                                                            r        ; CAN1 RX1
                                                            
   57 00000098 00000000        DCD              0           ;CAN1_SCE_IRQHandle
                                                            r        ; CAN1 SCE



ARM Macro Assembler    Page 3 


                                                            
   58 0000009C 00000000        DCD              0           ;EXTI9_5_IRQHandler
                                                                     ; EXTI Lin
                                                            e 9..5
   59 000000A0 00000000        DCD              0           ;TIM1_BRK_IRQHandle
                                                            r        ; TIM1 Bre
                                                            ak
   60 000000A4 00000000        DCD              0           ;TIM1_UP_IRQHandler
                                                                     ; TIM1 Upd
                                                            ate
   61 000000A8 00000000        DCD              0           ;TIM1_TRG_COM_IRQHa
                                                            ndler    ; TIM1 Tri
                                                            gger and Commutatio
                                                            n
   62 000000AC 00000000        DCD              0           ;TIM1_CC_IRQHandler
                                                                     ; TIM1 Cap
                                                            ture Compare
   63 000000B0 00000000        DCD              0           ;TIM2_IRQHandler   
                                                                     ; TIM2
   64 000000B4 00000000        DCD              0           ;TIM3_IRQHandler   
                                                                     ; TIM3
   65 000000B8 00000000        DCD              0           ;TIM4_IRQHandler   
                                                                     ; TIM4
   66 000000BC 00000000        DCD              0           ;I2C1_EV_IRQHandler
                                                                     ; I2C1 Eve
                                                            nt
   67 000000C0 00000000        DCD              0           ;I2C1_ER_IRQHandler
                                                                     ; I2C1 Err
                                                            or
   68 000000C4 00000000        DCD              0           ;I2C2_EV_IRQHandler
                                                                     ; I2C2 Eve
                                                            nt
   69 000000C8 00000000        DCD              0           ;I2C2_ER_IRQHandler
                                                                     ; I2C2 Err
                                                            or
   70 000000CC 00000000        DCD              0           ;SPI1_IRQHandler   
                                                                     ; SPI1
   71 000000D0 00000000        DCD              0           ;SPI2_IRQHandler   
                                                                     ; SPI2
   72 000000D4 00000000        DCD              USART1_IRQHandler ; USART1
   73 000000D8 00000000        DCD              0           ;USART2_IRQHandler 
                                                                     ; USART2
   74 000000DC 00000000        DCD              USART3_IRQHandler ; USART3
   75 000000E0 00000000        DCD              EXTI15_10_IRQHandler 
                                                            ; EXTI Line 15..10
   76 000000E4 00000000        DCD              0           ;RTC_Alarm_IRQHandl
                                                            er        ; RTC Ala
                                                            rm through EXTI Lin
                                                            e
   77 000000E8 00000000        DCD              0           ;USBWakeUp_IRQHandl
                                                            er       ; USB Wake
                                                            up from suspend
   78 000000EC 00000000        DCD              0           ;TIM8_BRK_IRQHandle
                                                            r        ; TIM8 Bre
                                                            ak
   79 000000F0 00000000        DCD              TIM8_UP_IRQHandler 
                                                            ; TIM8 Update
   80 000000F4 00000000        DCD              0           ;TIM8_TRG_COM_IRQHa
                                                            ndler    ; TIM8 Tri



ARM Macro Assembler    Page 4 


                                                            gger and Commutatio
                                                            n
   81 000000F8 00000000        DCD              0           ;TIM8_CC_IRQHandler
                                                                     ; TIM8 Cap
                                                            ture Compare
   82 000000FC 00000000        DCD              0           ;ADC3_IRQHandler   
                                                                     ; ADC3
   83 00000100 00000000        DCD              0           ;FSMC_IRQHandler   
                                                                     ; FSMC
   84 00000104 00000000        DCD              0           ;SDIO_IRQHandler   
                                                                     ; SDIO
   85 00000108 00000000        DCD              0           ;TIM5_IRQHandler   
                                                                     ; TIM5
   86 0000010C 00000000        DCD              0           ;SPI3_IRQHandler   
                                                                     ; SPI3
   87 00000110 00000000        DCD              0           ;UART4_IRQHandler  
                                                                     ; UART4
   88 00000114 00000000        DCD              0           ;UART5_IRQHandler  
                                                                     ; UART5
   89 00000118 00000000        DCD              0           ;TIM6_IRQHandler   
                                                                     ; TIM6
   90 0000011C 00000000        DCD              0           ;TIM7_IRQHandler   
                                                                     ; TIM7
   91 00000120 00000000        DCD              0           ;DMA2_Channel1_IRQH
                                                            andler   ; DMA2 Cha
                                                            nnel1
   92 00000124 00000000        DCD              0           ;DMA2_Channel2_IRQH
                                                            andler   ; DMA2 Cha
                                                            nnel2
   93 00000128 00000000        DCD              0           ;DMA2_Channel3_IRQH
                                                            andler   ; DMA2 Cha
                                                            nnel3
   94 0000012C 00000000        DCD              0           ;DMA2_Channel4_5_IR
                                                            QHandler ; DMA2 Cha
                                                            nnel4 & Channel5
   95 00000130         __Vectors_End
   96 00000130         
   97 00000130 00000130 
                       __Vectors_Size
                               EQU              __Vectors_End - __Vectors
   98 00000130         
   99 00000130         
  100 00000130                 AREA             |.text|, CODE, READONLY
  101 00000000         
  102 00000000         ; Reset handler
  103 00000000         Reset_Handler
                               PROC
  104 00000000                 EXPORT           Reset_Handler             [WEAK
]
  105 00000000                 IMPORT           mymain
  106 00000000                 IMPORT           SystemInit
  107 00000000         
  108 00000000 F7FF FFFE       BL               SystemInit
  109 00000004 F7FF FFFE       BL               mymain
  110 00000008         
  111 00000008                 ENDP
  112 00000008         
  113 00000008         start_app
                               PROC



ARM Macro Assembler    Page 5 


  114 00000008                 EXPORT           start_app
  115 00000008         
  116 00000008         ; set vector base address as 0x08040000
  117 00000008         ;ldr r3, =0xE000ED08
  118 00000008         ;str r0, [r3]
  119 00000008         
  120 00000008 F8D0 D000       ldr              sp, [r0]    ; read val from new
                                                             vector
  121 0000000C 6841            ldr              r1, [r0, #4] ; read val from "n
                                                            ew vector + 4“
  122 0000000E         
  123 0000000E 4708            BX               r1
  124 00000010         
  125 00000010                 ENDP
  126 00000010         
  127 00000010         SVC_Handler
                               PROC
  128 00000010                 EXPORT           SVC_Handler
  129 00000010         
  130 00000010 4801            ldr              r0, =(0x20000000 + 0x10000 - 4)
  131 00000012 6800            ldr              r0, [r0]    ; r0 = new_vector
  132 00000014 6AC0            ldr              r0, [r0, #0x2c] 
                                                            ; new SVC_Handler
  133 00000016 4700            bx               r0
  134 00000018         
  135 00000018                 ENDP
  136 00000018         
  137 00000018         
  138 00000018                 END
              2000FFFC 
Command Line: --debug --xref --diag_suppress=9931 --cpu=Cortex-M3 --apcs=interw
ork --depend=.\objects\start.d -o.\objects\start.o -I.\RTE\_led_c -ID:\software
_work\keil5\Keil\STM32F1xx_DFP\2.0.0\Device\Include -ID:\software_work\keil5\AR
M\CMSIS\Include --predefine="__UVISION_VERSION SETA 528" --predefine="STM32F10X
_HD SETA 1" --list=.\listings\start.lst start.s



ARM Macro Assembler    Page 1 Alphabetic symbol ordering
Relocatable symbols

RESET 00000000

Symbol: RESET
   Definitions
      At line 7 in file start.s
   Uses
      None
Comment: RESET unused
__Vectors 00000000

Symbol: __Vectors
   Definitions
      At line 17 in file start.s
   Uses
      At line 8 in file start.s
      At line 97 in file start.s

__Vectors_End 00000130

Symbol: __Vectors_End
   Definitions
      At line 95 in file start.s
   Uses
      At line 97 in file start.s
Comment: __Vectors_End used once
3 symbols



ARM Macro Assembler    Page 1 Alphabetic symbol ordering
Relocatable symbols

.text 00000000

Symbol: .text
   Definitions
      At line 100 in file start.s
   Uses
      None
Comment: .text unused
Reset_Handler 00000000

Symbol: Reset_Handler
   Definitions
      At line 103 in file start.s
   Uses
      At line 18 in file start.s
      At line 104 in file start.s

SVC_Handler 00000010

Symbol: SVC_Handler
   Definitions
      At line 127 in file start.s
   Uses
      At line 28 in file start.s
      At line 128 in file start.s

start_app 00000008

Symbol: start_app
   Definitions
      At line 113 in file start.s
   Uses
      At line 114 in file start.s
Comment: start_app used once
4 symbols



ARM Macro Assembler    Page 1 Alphabetic symbol ordering
Absolute symbols

__Vectors_Size 00000130

Symbol: __Vectors_Size
   Definitions
      At line 97 in file start.s
   Uses
      None
Comment: __Vectors_Size unused
1 symbol



ARM Macro Assembler    Page 1 Alphabetic symbol ordering
External symbols

EXTI15_10_IRQHandler 00000000

Symbol: EXTI15_10_IRQHandler
   Definitions
      At line 14 in file start.s
   Uses
      At line 75 in file start.s
Comment: EXTI15_10_IRQHandler used once
PendSV_Handler 00000000

Symbol: PendSV_Handler
   Definitions
      At line 10 in file start.s
   Uses
      At line 31 in file start.s
Comment: PendSV_Handler used once
SysTick_Handler 00000000

Symbol: SysTick_Handler
   Definitions
      At line 11 in file start.s
   Uses
      At line 32 in file start.s
Comment: SysTick_Handler used once
SystemInit 00000000

Symbol: SystemInit
   Definitions
      At line 106 in file start.s
   Uses
      At line 108 in file start.s
Comment: SystemInit used once
TIM8_UP_IRQHandler 00000000

Symbol: TIM8_UP_IRQHandler
   Definitions
      At line 15 in file start.s
   Uses
      At line 79 in file start.s
Comment: TIM8_UP_IRQHandler used once
USART1_IRQHandler 00000000

Symbol: USART1_IRQHandler
   Definitions
      At line 12 in file start.s
   Uses
      At line 72 in file start.s
Comment: USART1_IRQHandler used once
USART3_IRQHandler 00000000

Symbol: USART3_IRQHandler
   Definitions
      At line 13 in file start.s
   Uses
      At line 74 in file start.s
Comment: USART3_IRQHandler used once
mymain 00000000

Symbol: mymain



ARM Macro Assembler    Page 2 Alphabetic symbol ordering
External symbols

   Definitions
      At line 105 in file start.s
   Uses
      At line 109 in file start.s
Comment: mymain used once
8 symbols
350 symbols in table
